0 info it worked if it ends with ok
1 verbose cli [ '/usr/local/bin/node', '/usr/local/bin/npm', 'publish' ]
2 info using npm@3.7.3
3 info using node@v5.8.0
4 verbose publish [ '.' ]
5 silly cache add args [ '.', null ]
6 verbose cache add spec .
7 silly cache add parsed spec Result {
7 silly cache add   raw: '.',
7 silly cache add   scope: null,
7 silly cache add   name: null,
7 silly cache add   rawSpec: '.',
7 silly cache add   spec: '/Users/berman/Documents/projects/react-stars',
7 silly cache add   type: 'directory' }
8 verbose addLocalDirectory /Users/berman/.npm/react-stars/1.0.0/package.tgz not in flight; packing
9 verbose correctMkdir /Users/berman/.npm correctMkdir not in flight; initializing
10 info lifecycle react-stars@1.0.0~prepublish: react-stars@1.0.0
11 silly lifecycle react-stars@1.0.0~prepublish: no script for prepublish, continuing
12 verbose tar pack [ '/Users/berman/.npm/react-stars/1.0.0/package.tgz',
12 verbose tar pack   '/Users/berman/Documents/projects/react-stars' ]
13 verbose tarball /Users/berman/.npm/react-stars/1.0.0/package.tgz
14 verbose folder /Users/berman/Documents/projects/react-stars
15 verbose addLocalTarball adding from inside cache /Users/berman/.npm/react-stars/1.0.0/package.tgz
16 verbose correctMkdir /Users/berman/.npm correctMkdir not in flight; initializing
17 silly cache afterAdd react-stars@1.0.0
18 verbose afterAdd /Users/berman/.npm/react-stars/1.0.0/package/package.json not in flight; writing
19 verbose correctMkdir /Users/berman/.npm correctMkdir not in flight; initializing
20 verbose afterAdd /Users/berman/.npm/react-stars/1.0.0/package/package.json written
21 silly publish { name: 'react-stars',
21 silly publish   version: '1.0.0',
21 silly publish   description: 'Simple star rating component for your React projects',
21 silly publish   main: 'dist/react-stars.js',
21 silly publish   babel: { presets: [ 'react', 'es2015' ] },
21 silly publish   scripts:
21 silly publish    { build: 'babel src --out-dir dist',
21 silly publish      dev: 'babel src --out-dir dist --watch' },
21 silly publish   keywords: [ 'star', 'rating', 'react', 'star', 'rating', 'component', 'raty' ],
21 silly publish   author: { name: 'Oleg Berman' },
21 silly publish   license: 'ISC',
21 silly publish   devDependencies:
21 silly publish    { 'babel-cli': '^6.6.5',
21 silly publish      'babel-preset-es2015': '^6.6.0',
21 silly publish      'babel-preset-react': '^6.5.0' },
21 silly publish   repository:
21 silly publish    { type: 'git',
21 silly publish      url: 'git+https://github.com/n49/react-stars.git' },
21 silly publish   readme: '# react-stars :star:\n###### A simple star rating component for your React projects\n\n![react-stars](http://i.imgur.com/VDbzbqF.gif)\n\n### Get started quickly\n```javascript\nimport ReactStars from \'react-stars\'\nimport React from \'react\'\nimport { render } from \'react-dom\'\n\nconst ratingChanged = (newRating) => {\n  console.log(newRating)\n}\n\nrender(<ReactStars\n  count={5},\n  onChange={ratingChanged},\n  size={24},\n  color2={\'#ffd700\'} />,\n\n  document.getElementById(\'where-to-render\')\n);\n```\n### API\n\nThis a list of props that you can pass down to the component:\n\n| Property | Description | Default value | type |\n| -------- | ----------- | ------------- | ---- |\n| `count`  | How many total stars you want  | 5 | number |\n| `char` | Which character you want to use as a star | ★ | string |\n| `color1` | Color of inactive star (this supports any CSS valid value) | `gray` | string |\n| `color2` | Color of selected or active star | `#ffd700` | string |\n| `size` | Size of stars (in px) | `15px` | string |\n| `edit` | Should you be able to select rating or just see rating (for reusability) | `true` | boolean |\n| `half` | Should component use half stars, if not the decimal part will be dropped otherwise normal algebra rools will apply to round to half stars | `true` | boolean\n| `onChange(new_rating)` | Will be invoked any time the rating is changed | `null` | function |\n\n### Requirements\n\nYou will need to have React in your project in order to use the component, I didn\'t bundle React in the build, because it seemed like a crazy idea.\n\n### Todo\n\n* Make better docs\n',
21 silly publish   readmeFilename: 'README.md',
21 silly publish   gitHead: 'a37b8fd3eafc3199f225b888547a339144491911',
21 silly publish   bugs: { url: 'https://github.com/n49/react-stars/issues' },
21 silly publish   homepage: 'https://github.com/n49/react-stars#readme',
21 silly publish   _id: 'react-stars@1.0.0',
21 silly publish   _shasum: '683d9e4b838dec7aefcba06cf503cdce8532b2da',
21 silly publish   _from: '.' }
22 verbose getPublishConfig undefined
23 silly mapToRegistry name react-stars
24 silly mapToRegistry using default registry
25 silly mapToRegistry registry https://registry.npmjs.org/
26 silly mapToRegistry uri https://registry.npmjs.org/react-stars
27 verbose publish registryBase https://registry.npmjs.org/
28 silly publish uploading /Users/berman/.npm/react-stars/1.0.0/package.tgz
29 verbose request uri https://registry.npmjs.org/react-stars
30 verbose request sending authorization for write operation
31 info attempt registry request try #1 at 5:16:04 PM
32 verbose request using bearer token for auth
33 verbose request id 73add9a261552065
34 http request PUT https://registry.npmjs.org/react-stars
35 http 403 https://registry.npmjs.org/react-stars
36 verbose headers { 'content-type': 'application/json',
36 verbose headers   'cache-control': 'max-age=300',
36 verbose headers   'content-length': '128',
36 verbose headers   'accept-ranges': 'bytes',
36 verbose headers   date: 'Fri, 01 Apr 2016 21:16:05 GMT',
36 verbose headers   via: '1.1 varnish',
36 verbose headers   connection: 'keep-alive',
36 verbose headers   'x-served-by': 'cache-iad2120-IAD',
36 verbose headers   'x-cache': 'MISS',
36 verbose headers   'x-cache-hits': '0',
36 verbose headers   'x-timer': 'S1459545364.527303,VS0,VE1273' }
37 verbose request invalidating /Users/berman/.npm/registry.npmjs.org/react-stars on PUT
38 error publish Failed PUT 403
39 verbose stack Error: "You cannot publish over the previously published version 1.0.0. Try bumping the version to 2.0.0" : react-stars
39 verbose stack     at makeError (/usr/local/lib/node_modules/npm/node_modules/npm-registry-client/lib/request.js:264:12)
39 verbose stack     at CachingRegistryClient.<anonymous> (/usr/local/lib/node_modules/npm/node_modules/npm-registry-client/lib/request.js:252:14)
39 verbose stack     at Request._callback (/usr/local/lib/node_modules/npm/node_modules/npm-registry-client/lib/request.js:172:14)
39 verbose stack     at Request.self.callback (/usr/local/lib/node_modules/npm/node_modules/request/request.js:199:22)
39 verbose stack     at emitTwo (events.js:100:13)
39 verbose stack     at Request.emit (events.js:185:7)
39 verbose stack     at Request.<anonymous> (/usr/local/lib/node_modules/npm/node_modules/request/request.js:1036:10)
39 verbose stack     at emitOne (events.js:95:20)
39 verbose stack     at Request.emit (events.js:182:7)
39 verbose stack     at IncomingMessage.<anonymous> (/usr/local/lib/node_modules/npm/node_modules/request/request.js:963:12)
40 verbose statusCode 403
41 verbose pkgid react-stars
42 verbose cwd /Users/berman/Documents/projects/react-stars
43 error Darwin 15.3.0
44 error argv "/usr/local/bin/node" "/usr/local/bin/npm" "publish"
45 error node v5.8.0
46 error npm  v3.7.3
47 error code E403
48 error "You cannot publish over the previously published version 1.0.0. Try bumping the version to 2.0.0" : react-stars
49 error If you need help, you may report this error at:
49 error     <https://github.com/npm/npm/issues>
50 verbose exit [ 1, true ]
